<?xml version="1.0" encoding="UTF-8"?>
<!-- Generated by org.testng.reporters.JUnitReportReporter -->
<testsuite hostname="DESKTOP-MB87MAP" failures="0" tests="1" name="Tests.FindValidation" time="21.708" errors="0" timestamp="2024-10-01T19:22:28 IST" skipped="0">
  <testcase classname="Tests.FindValidation" name="ValidCredentials" time="21.708"/>
  <system-out>
    <![CDATA[Expected Result=https://www.air.irctc.co.in/
Actual Result =https://www.air.irctc.co.in/]]>
  </system-out>
</testsuite> <!-- Tests.FindValidation -->
